<?xml version="1.0" encoding="UTF-8"?>
<testsuite xmlns:xsi="http://www.w3.org/2001/XMLSchema-instance" xsi:noNamespaceSchemaLocation="https://maven.apache.org/surefire/maven-surefire-plugin/xsd/surefire-test-report-3.0.xsd" version="3.0" name="com.expensetracker.apigateway.ApiGatewayApplicationTests" time="1.839" tests="1" errors="0" skipped="0" failures="0">
  <properties>
[...]
</properties>
  <testcase name="contextLoads" classname="com.expensetracker.apigateway.ApiGatewayApplicationTests" time="0.425">
    <system-out><![CDATA[11:16:55.685 [main] INFO org.springframework.test.context.support.AnnotationConfigContextLoaderUtils -- Could not detect default configuration classes for test class [com.expensetracker.apigateway.ApiGatewayApplicationTests]: ApiGatewayApplicationTests does not declare any static, non-private, non-final, nested classes annotated with @Configuration.
11:16:55.749 [main] INFO org.springframework.boot.test.context.SpringBootTestContextBootstrapper -- Found @SpringBootConfiguration com.expensetracker.apigateway.ApiGatewayApplication for test class com.expensetracker.apigateway.ApiGatewayApplicationTests
11:16:55.822 [main] INFO org.springframework.boot.devtools.restart.RestartApplicationListener -- Restart disabled due to context in which it is running

  .   ____          _            __ _ _
 /\\ / ___'_ __ _ _(_)_ __  __ _ \ \ \ \
( ( )\___ | '_ | '_| | '_ \/ _` | \ \ \ \
 \\/  ___)| |_)| | | | | || (_| |  ) ) ) )
  '  |____| .__|_| |_|_| |_\__, | / / / /
 =========|_|==============|___/=/_/_/_/
 :: Spring Boot ::               (v3.2.12)

2025-09-29T11:16:55.937+05:30  INFO 7719 --- [api-gateway] [           main] c.e.a.ApiGatewayApplicationTests         : Starting ApiGatewayApplicationTests using Java 23.0.1 with PID 7719 (started by karanvirsingh in /Users/karanvirsingh/Desktop/expense-microservices/api-gateway)
2025-09-29T11:16:55.937+05:30  INFO 7719 --- [api-gateway] [           main] c.e.a.ApiGatewayApplicationTests         : No active profile set, falling back to 1 default profile: "default"
2025-09-29T11:16:56.278+05:30  INFO 7719 --- [api-gateway] [           main] o.s.cloud.context.scope.GenericScope     : BeanFactory id=5ac54640-3823-3840-b116-93967f0fd3cb
2025-09-29T11:16:56.613+05:30  INFO 7719 --- [api-gateway] [           main] DiscoveryClientOptionalArgsConfiguration : Eureka HTTP Client uses RestTemplate.
2025-09-29T11:16:56.634+05:30  WARN 7719 --- [api-gateway] [           main] iguration$LoadBalancerCaffeineWarnLogger : Spring Cloud LoadBalancer is currently working with the default cache. While this cache implementation is useful for development and tests, it's recommended to use Caffeine cache in production.You can switch to using Caffeine cache, by adding it and org.springframework.cache.caffeine.CaffeineCacheManager to the classpath.
2025-09-29T11:16:56.663+05:30  INFO 7719 --- [api-gateway] [           main] o.s.c.n.eureka.InstanceInfoFactory       : Setting initial instance status as: STARTING
2025-09-29T11:16:56.677+05:30  INFO 7719 --- [api-gateway] [           main] com.netflix.discovery.DiscoveryClient    : Initializing Eureka in region us-east-1
2025-09-29T11:16:56.681+05:30  INFO 7719 --- [api-gateway] [           main] c.n.d.s.r.aws.ConfigClusterResolver      : Resolving eureka endpoints via configuration
2025-09-29T11:16:56.685+05:30  INFO 7719 --- [api-gateway] [           main] com.netflix.discovery.DiscoveryClient    : Disable delta property : false
2025-09-29T11:16:56.685+05:30  INFO 7719 --- [api-gateway] [           main] com.netflix.discovery.DiscoveryClient    : Single vip registry refresh property : null
2025-09-29T11:16:56.685+05:30  INFO 7719 --- [api-gateway] [           main] com.netflix.discovery.DiscoveryClient    : Force full registry fetch : false
2025-09-29T11:16:56.685+05:30  INFO 7719 --- [api-gateway] [           main] com.netflix.discovery.DiscoveryClient    : Application is null : false
2025-09-29T11:16:56.685+05:30  INFO 7719 --- [api-gateway] [           main] com.netflix.discovery.DiscoveryClient    : Registered Applications size is zero : true
2025-09-29T11:16:56.685+05:30  INFO 7719 --- [api-gateway] [           main] com.netflix.discovery.DiscoveryClient    : Application version is -1: true
2025-09-29T11:16:56.685+05:30  INFO 7719 --- [api-gateway] [           main] com.netflix.discovery.DiscoveryClient    : Getting all instance registry info from the eureka server
2025-09-29T11:16:56.965+05:30  INFO 7719 --- [api-gateway] [           main] com.netflix.discovery.DiscoveryClient    : The response status is 200
2025-09-29T11:16:56.965+05:30  INFO 7719 --- [api-gateway] [           main] com.netflix.discovery.DiscoveryClient    : Starting heartbeat executor: renew interval is: 30
2025-09-29T11:16:56.966+05:30  INFO 7719 --- [api-gateway] [           main] c.n.discovery.InstanceInfoReplicator     : InstanceInfoReplicator onDemand update allowed rate per min is 4
2025-09-29T11:16:56.967+05:30  INFO 7719 --- [api-gateway] [           main] com.netflix.discovery.DiscoveryClient    : Discovery Client initialized at timestamp 1759124816966 with initial instances count: 0
2025-09-29T11:16:56.969+05:30  INFO 7719 --- [api-gateway] [           main] o.s.c.n.e.s.EurekaServiceRegistry        : Registering application API-GATEWAY with eureka with status UP
2025-09-29T11:16:56.969+05:30  INFO 7719 --- [api-gateway] [           main] com.netflix.discovery.DiscoveryClient    : Saw local status change event StatusChangeEvent [timestamp=1759124816969, current=UP, previous=STARTING]
2025-09-29T11:16:56.969+05:30  INFO 7719 --- [api-gateway] [foReplicator-%d] com.netflix.discovery.DiscoveryClient    : DiscoveryClient_API-GATEWAY/10.206.207.154:api-gateway:8080: registering service...
2025-09-29T11:16:56.975+05:30  INFO 7719 --- [api-gateway] [           main] c.e.a.ApiGatewayApplicationTests         : Started ApiGatewayApplicationTests in 1.159 seconds (process running for 1.64)
2025-09-29T11:16:57.043+05:30  INFO 7719 --- [api-gateway] [foReplicator-%d] com.netflix.discovery.DiscoveryClient    : DiscoveryClient_API-GATEWAY/10.206.207.154:api-gateway:8080 - registration status: 204
]]></system-out>
    <system-err><![CDATA[WARNING: A Java agent has been loaded dynamically (/Users/karanvirsingh/.m2/repository/net/bytebuddy/byte-buddy-agent/1.14.19/byte-buddy-agent-1.14.19.jar)
WARNING: If a serviceability tool is in use, please run with -XX:+EnableDynamicAgentLoading to hide this warning
WARNING: If a serviceability tool is not in use, please run with -Djdk.instrument.traceUsage for more information
WARNING: Dynamic loading of agents will be disallowed by default in a future release
]]></system-err>
  </testcase>
</testsuite>